  [1m[35m (467.4ms)[0m  [1m[35mCREATE DATABASE "TaskList_development" ENCODING = 'unicode'[0m
  ↳ bin/rails:9
  [1m[35m (276.9ms)[0m  [1m[35mCREATE DATABASE "TaskList_test" ENCODING = 'unicode'[0m
  ↳ bin/rails:9
Started GET "/" for 127.0.0.1 at 2018-09-17 12:24:43 -0700
Processing by Rails::WelcomeController#index as HTML
  Rendering /Users/chantelle.belic/.rvm/gems/ruby-2.5.1/gems/railties-5.2.1/lib/rails/templates/rails/welcome/index.html.erb
  Rendered /Users/chantelle.belic/.rvm/gems/ruby-2.5.1/gems/railties-5.2.1/lib/rails/templates/rails/welcome/index.html.erb (7.2ms)
Completed 200 OK in 69ms (Views: 25.0ms | ActiveRecord: 0.0ms)


Started GET "/" for 127.0.0.1 at 2018-09-17 12:26:20 -0700
Processing by Rails::WelcomeController#index as HTML
  Rendering /Users/chantelle.belic/.rvm/gems/ruby-2.5.1/gems/railties-5.2.1/lib/rails/templates/rails/welcome/index.html.erb
  Rendered /Users/chantelle.belic/.rvm/gems/ruby-2.5.1/gems/railties-5.2.1/lib/rails/templates/rails/welcome/index.html.erb (7.8ms)
Completed 200 OK in 31ms (Views: 20.8ms | ActiveRecord: 0.0ms)


Started GET "/" for 127.0.0.1 at 2018-09-17 13:42:31 -0700

SyntaxError - syntax error, unexpected ',', expecting keyword_end
  '/tasks', to:'tasks#index'
          ^
/Users/chantelle.belic/Documents/ada/unit-2/TaskList/config/routes.rb:4: syntax error, unexpected keyword_end, expecting end-of-input:
  config/routes.rb:3:in `'

Started POST "/__better_errors/06d623f92ebfa037/variables" for 127.0.0.1 at 2018-09-17 13:42:32 -0700
Started GET "/" for 127.0.0.1 at 2018-09-17 13:42:56 -0700

SyntaxError - syntax error, unexpected tIDENTIFIER, expecting keyword_end
  '/tasks' to:'tasks#index'
           ^~:
  config/routes.rb:3:in `'

Started POST "/__better_errors/bf7d67146f72fe1a/variables" for 127.0.0.1 at 2018-09-17 13:42:56 -0700
Started GET "/" for 127.0.0.1 at 2018-09-17 13:43:30 -0700

SyntaxError - syntax error, unexpected ',', expecting keyword_end
  '/tasks', to:'tasks#index'
          ^
/Users/chantelle.belic/Documents/ada/unit-2/TaskList/config/routes.rb:4: syntax error, unexpected keyword_end, expecting end-of-input:
  config/routes.rb:3:in `'

Started POST "/__better_errors/46010d3ff15cc5b2/variables" for 127.0.0.1 at 2018-09-17 13:43:30 -0700
Started GET "/" for 127.0.0.1 at 2018-09-17 13:44:20 -0700
Processing by Rails::WelcomeController#index as HTML
  Rendering /Users/chantelle.belic/.rvm/gems/ruby-2.5.1/gems/railties-5.2.1/lib/rails/templates/rails/welcome/index.html.erb
  Rendered /Users/chantelle.belic/.rvm/gems/ruby-2.5.1/gems/railties-5.2.1/lib/rails/templates/rails/welcome/index.html.erb (7.6ms)
Completed 200 OK in 20ms (Views: 12.3ms | ActiveRecord: 0.0ms)


Started GET "/" for 127.0.0.1 at 2018-09-17 13:44:22 -0700
Processing by Rails::WelcomeController#index as HTML
  Rendering /Users/chantelle.belic/.rvm/gems/ruby-2.5.1/gems/railties-5.2.1/lib/rails/templates/rails/welcome/index.html.erb
  Rendered /Users/chantelle.belic/.rvm/gems/ruby-2.5.1/gems/railties-5.2.1/lib/rails/templates/rails/welcome/index.html.erb (4.3ms)
Completed 200 OK in 13ms (Views: 8.5ms | ActiveRecord: 0.0ms)


Started GET "/" for 127.0.0.1 at 2018-09-17 13:46:02 -0700
Processing by Rails::WelcomeController#index as HTML
  Rendering /Users/chantelle.belic/.rvm/gems/ruby-2.5.1/gems/railties-5.2.1/lib/rails/templates/rails/welcome/index.html.erb
  Rendered /Users/chantelle.belic/.rvm/gems/ruby-2.5.1/gems/railties-5.2.1/lib/rails/templates/rails/welcome/index.html.erb (8.0ms)
Completed 200 OK in 29ms (Views: 15.5ms | ActiveRecord: 0.0ms)


Started GET "/tsks" for 127.0.0.1 at 2018-09-17 13:48:24 -0700
  
ActionController::RoutingError (No route matches [GET] "/tsks"):
  
actionpack (5.2.1) lib/action_dispatch/middleware/debug_exceptions.rb:65:in `call'
web-console (3.7.0) lib/web_console/middleware.rb:135:in `call_app'
web-console (3.7.0) lib/web_console/middleware.rb:30:in `block in call'
web-console (3.7.0) lib/web_console/middleware.rb:20:in `catch'
web-console (3.7.0) lib/web_console/middleware.rb:20:in `call'
actionpack (5.2.1) lib/action_dispatch/middleware/show_exceptions.rb:33:in `call'
railties (5.2.1) lib/rails/rack/logger.rb:38:in `call_app'
railties (5.2.1) lib/rails/rack/logger.rb:26:in `block in call'
activesupport (5.2.1) lib/active_support/tagged_logging.rb:71:in `block in tagged'
activesupport (5.2.1) lib/active_support/tagged_logging.rb:28:in `tagged'
activesupport (5.2.1) lib/active_support/tagged_logging.rb:71:in `tagged'
railties (5.2.1) lib/rails/rack/logger.rb:26:in `call'
sprockets-rails (3.2.1) lib/sprockets/rails/quiet_assets.rb:13:in `call'
actionpack (5.2.1) lib/action_dispatch/middleware/remote_ip.rb:81:in `call'
actionpack (5.2.1) lib/action_dispatch/middleware/request_id.rb:27:in `call'
rack (2.0.5) lib/rack/method_override.rb:22:in `call'
rack (2.0.5) lib/rack/runtime.rb:22:in `call'
activesupport (5.2.1) lib/active_support/cache/strategy/local_cache_middleware.rb:29:in `call'
actionpack (5.2.1) lib/action_dispatch/middleware/executor.rb:14:in `call'
actionpack (5.2.1) lib/action_dispatch/middleware/static.rb:127:in `call'
rack (2.0.5) lib/rack/sendfile.rb:111:in `call'
railties (5.2.1) lib/rails/engine.rb:524:in `call'
puma (3.12.0) lib/puma/configuration.rb:225:in `call'
puma (3.12.0) lib/puma/server.rb:658:in `handle_request'
puma (3.12.0) lib/puma/server.rb:472:in `process_client'
puma (3.12.0) lib/puma/server.rb:332:in `block in run'
puma (3.12.0) lib/puma/thread_pool.rb:133:in `block in spawn_thread'
Started GET "/tasks" for 127.0.0.1 at 2018-09-17 13:48:27 -0700
Processing by TasksController#index as HTML
Completed 406 Not Acceptable in 192ms (ActiveRecord: 0.0ms)



ActionController::UnknownFormat - TasksController#index is missing a template for this request format and variant.

request.formats: ["text/html"]
request.variant: []

NOTE! For XHR/Ajax or API requests, this action would normally respond with 204 No Content: an empty white screen. Since you're loading it in a web browser, we assume that you expected to actually render a template, not nothing, so we're showing an error to be extra-clear. If you expect 204 No Content, carry on. That's what you'll get from an XHR or API request. Give it a shot.:

Started POST "/__better_errors/0b1e25c3e5394817/variables" for 127.0.0.1 at 2018-09-17 13:48:28 -0700
Started GET "/" for 127.0.0.1 at 2018-09-17 13:48:34 -0700
Processing by Rails::WelcomeController#index as HTML
  Rendering /Users/chantelle.belic/.rvm/gems/ruby-2.5.1/gems/railties-5.2.1/lib/rails/templates/rails/welcome/index.html.erb
  Rendered /Users/chantelle.belic/.rvm/gems/ruby-2.5.1/gems/railties-5.2.1/lib/rails/templates/rails/welcome/index.html.erb (9.5ms)
Completed 200 OK in 28ms (Views: 15.2ms | ActiveRecord: 0.0ms)


Started GET "/" for 127.0.0.1 at 2018-09-17 13:51:59 -0700
Processing by Rails::WelcomeController#index as HTML
  Rendering /Users/chantelle.belic/.rvm/gems/ruby-2.5.1/gems/railties-5.2.1/lib/rails/templates/rails/welcome/index.html.erb
  Rendered /Users/chantelle.belic/.rvm/gems/ruby-2.5.1/gems/railties-5.2.1/lib/rails/templates/rails/welcome/index.html.erb (5.4ms)
Completed 200 OK in 19ms (Views: 11.3ms | ActiveRecord: 0.0ms)


Started GET "/tasks" for 127.0.0.1 at 2018-09-17 13:52:03 -0700
Processing by TasksController#index as HTML
  Rendering tasks/index.html.erb within layouts/application
  Rendered tasks/index.html.erb within layouts/application (1.7ms)
Completed 500 Internal Server Error in 16ms (ActiveRecord: 0.0ms)



SyntaxError - syntax error, unexpected end-of-input, expecting keyword_end
          end
             ^:
  app/views/tasks/index.html.erb:9:in `'

Started POST "/__better_errors/04395742b17de968/variables" for 127.0.0.1 at 2018-09-17 13:52:03 -0700
Started GET "/" for 127.0.0.1 at 2018-09-17 13:52:28 -0700
Processing by Rails::WelcomeController#index as HTML
  Rendering /Users/chantelle.belic/.rvm/gems/ruby-2.5.1/gems/railties-5.2.1/lib/rails/templates/rails/welcome/index.html.erb
  Rendered /Users/chantelle.belic/.rvm/gems/ruby-2.5.1/gems/railties-5.2.1/lib/rails/templates/rails/welcome/index.html.erb (4.6ms)
Completed 200 OK in 17ms (Views: 9.0ms | ActiveRecord: 0.0ms)


Started GET "/tasks" for 127.0.0.1 at 2018-09-17 13:52:32 -0700
Processing by TasksController#index as HTML
  Rendering tasks/index.html.erb within layouts/application
  Rendered tasks/index.html.erb within layouts/application (1.6ms)
Completed 200 OK in 768ms (Views: 764.1ms | ActiveRecord: 0.0ms)


Started GET "/tasks" for 127.0.0.1 at 2018-09-17 13:52:58 -0700
Processing by TasksController#index as HTML
  Rendering tasks/index.html.erb within layouts/application
  Rendered tasks/index.html.erb within layouts/application (0.6ms)
Completed 200 OK in 37ms (Views: 33.7ms | ActiveRecord: 0.0ms)


Started GET "/tasks" for 127.0.0.1 at 2018-09-17 14:14:02 -0700
Processing by TasksController#index as HTML
  Rendering tasks/index.html.erb within layouts/application
  Rendered tasks/index.html.erb within layouts/application (4.3ms)
Completed 200 OK in 98ms (Views: 87.3ms | ActiveRecord: 0.0ms)


Started GET "/" for 127.0.0.1 at 2018-09-17 14:14:06 -0700
Processing by Rails::WelcomeController#index as HTML
  Rendering /Users/chantelle.belic/.rvm/gems/ruby-2.5.1/gems/railties-5.2.1/lib/rails/templates/rails/welcome/index.html.erb
  Rendered /Users/chantelle.belic/.rvm/gems/ruby-2.5.1/gems/railties-5.2.1/lib/rails/templates/rails/welcome/index.html.erb (6.5ms)
Completed 200 OK in 21ms (Views: 11.7ms | ActiveRecord: 0.0ms)


Started GET "/tasks" for 127.0.0.1 at 2018-09-17 16:07:28 -0700

SyntaxError - syntax error, unexpected tSTRING_BEG, expecting keyword_do or '{' or '('
  get 'tasks/:id', to 'tasks#index'
                      ^:
  config/routes.rb:4:in `'

Started POST "/__better_errors/f06f843ddeadedce/variables" for 127.0.0.1 at 2018-09-17 16:07:29 -0700
Started GET "/tasks" for 127.0.0.1 at 2018-09-17 16:07:43 -0700
Processing by TasksController#index as HTML
  Rendering tasks/index.html.erb within layouts/application
  Rendered tasks/index.html.erb within layouts/application (1.3ms)
Completed 200 OK in 92ms (Views: 81.3ms | ActiveRecord: 0.0ms)


Started GET "/tasks/1" for 127.0.0.1 at 2018-09-17 16:07:47 -0700
Processing by TasksController#index as HTML
  Parameters: {"id"=>"1"}
  Rendering tasks/index.html.erb within layouts/application
  Rendered tasks/index.html.erb within layouts/application (0.7ms)
Completed 200 OK in 225ms (Views: 221.2ms | ActiveRecord: 0.0ms)


Started GET "/tasks/1" for 127.0.0.1 at 2018-09-17 16:07:52 -0700
Processing by TasksController#index as HTML
  Parameters: {"id"=>"1"}
  Rendering tasks/index.html.erb within layouts/application
  Rendered tasks/index.html.erb within layouts/application (0.8ms)
Completed 200 OK in 38ms (Views: 34.9ms | ActiveRecord: 0.0ms)


Started GET "/tasks/1" for 127.0.0.1 at 2018-09-17 16:08:19 -0700
Processing by TasksController#index as HTML
  Parameters: {"id"=>"1"}
  Rendering tasks/index.html.erb within layouts/application
  Rendered tasks/index.html.erb within layouts/application (0.5ms)
Completed 200 OK in 49ms (Views: 43.0ms | ActiveRecord: 0.0ms)


Started GET "/tasks/" for 127.0.0.1 at 2018-09-17 16:08:23 -0700
Processing by TasksController#index as HTML
  Rendering tasks/index.html.erb within layouts/application
  Rendered tasks/index.html.erb within layouts/application (0.7ms)
Completed 200 OK in 43ms (Views: 39.8ms | ActiveRecord: 0.0ms)


Started GET "/tasks/0" for 127.0.0.1 at 2018-09-17 16:08:26 -0700
Processing by TasksController#index as HTML
  Parameters: {"id"=>"0"}
  Rendering tasks/index.html.erb within layouts/application
  Rendered tasks/index.html.erb within layouts/application (1.2ms)
Completed 200 OK in 49ms (Views: 45.7ms | ActiveRecord: 0.0ms)


Started GET "/tasks/33" for 127.0.0.1 at 2018-09-17 16:08:29 -0700
Processing by TasksController#index as HTML
  Parameters: {"id"=>"33"}
  Rendering tasks/index.html.erb within layouts/application
  Rendered tasks/index.html.erb within layouts/application (0.7ms)
Completed 200 OK in 48ms (Views: 44.1ms | ActiveRecord: 0.0ms)


Started GET "/tasks/0" for 127.0.0.1 at 2018-09-17 16:08:52 -0700
Processing by TasksController#index as HTML
  Parameters: {"id"=>"0"}
  Rendering tasks/index.html.erb within layouts/application
  Rendered tasks/index.html.erb within layouts/application (0.8ms)
Completed 200 OK in 80ms (Views: 73.3ms | ActiveRecord: 0.0ms)


Started GET "/tasks/0" for 127.0.0.1 at 2018-09-17 16:08:53 -0700
Processing by TasksController#index as HTML
  Parameters: {"id"=>"0"}
  Rendering tasks/index.html.erb within layouts/application
  Rendered tasks/index.html.erb within layouts/application (0.5ms)
Completed 200 OK in 61ms (Views: 57.3ms | ActiveRecord: 0.0ms)


Started GET "/tasks/0" for 127.0.0.1 at 2018-09-17 16:10:33 -0700
Processing by TasksController#index as HTML
  Parameters: {"id"=>"0"}
  Rendering tasks/index.html.erb within layouts/application
  Rendered tasks/index.html.erb within layouts/application (3.0ms)
Completed 200 OK in 122ms (Views: 111.7ms | ActiveRecord: 0.0ms)


Started GET "/tasks/0" for 127.0.0.1 at 2018-09-17 16:10:36 -0700
Processing by TasksController#index as HTML
  Parameters: {"id"=>"0"}
  Rendering tasks/index.html.erb within layouts/application
  Rendered tasks/index.html.erb within layouts/application (0.6ms)
Completed 200 OK in 44ms (Views: 40.3ms | ActiveRecord: 0.0ms)


Started GET "/tasks/1000000" for 127.0.0.1 at 2018-09-17 16:10:39 -0700
Processing by TasksController#index as HTML
  Parameters: {"id"=>"1000000"}
  Rendering tasks/index.html.erb within layouts/application
  Rendered tasks/index.html.erb within layouts/application (0.6ms)
Completed 200 OK in 40ms (Views: 36.7ms | ActiveRecord: 0.0ms)


Started GET "/tasks/1000000" for 127.0.0.1 at 2018-09-17 16:11:26 -0700
Processing by TasksController#show as HTML
  Parameters: {"id"=>"1000000"}
Completed 404 Not Found in 20ms (ActiveRecord: 0.0ms)


Started GET "/tasks/1" for 127.0.0.1 at 2018-09-17 16:11:31 -0700
Processing by TasksController#show as HTML
  Parameters: {"id"=>"1"}
  Rendering tasks/show.html.erb within layouts/application
  Rendered tasks/show.html.erb within layouts/application (0.7ms)
Completed 200 OK in 54ms (Views: 44.9ms | ActiveRecord: 0.0ms)


Started GET "/tasks" for 127.0.0.1 at 2018-09-17 16:11:54 -0700
Processing by TasksController#index as HTML
  Rendering tasks/index.html.erb within layouts/application
  Rendered tasks/index.html.erb within layouts/application (0.7ms)
Completed 200 OK in 70ms (Views: 66.2ms | ActiveRecord: 0.0ms)


Started GET "/tasks/1" for 127.0.0.1 at 2018-09-17 16:15:44 -0700
Processing by TasksController#show as HTML
  Parameters: {"id"=>"1"}
  Rendering tasks/show.html.erb within layouts/application
  Rendered tasks/show.html.erb within layouts/application (1.1ms)
Completed 200 OK in 63ms (Views: 56.4ms | ActiveRecord: 0.0ms)


Started GET "/tasks/1" for 127.0.0.1 at 2018-09-17 16:19:22 -0700
Processing by TasksController#show as HTML
  Parameters: {"id"=>"1"}
  Rendering tasks/show.html.erb within layouts/application
  Rendered tasks/show.html.erb within layouts/application (1.4ms)
Completed 200 OK in 125ms (Views: 120.4ms | ActiveRecord: 0.0ms)


Started GET "/tasks/" for 127.0.0.1 at 2018-09-17 16:19:29 -0700
Processing by TasksController#index as HTML
  Rendering tasks/index.html.erb within layouts/application
  Rendered tasks/index.html.erb within layouts/application (0.8ms)
Completed 200 OK in 47ms (Views: 43.7ms | ActiveRecord: 0.0ms)


Started GET "/tasks/1" for 127.0.0.1 at 2018-09-17 16:20:44 -0700
  
ActionController::RoutingError (No route matches [GET] "/tasks/1"):
  
actionpack (5.2.1) lib/action_dispatch/middleware/debug_exceptions.rb:65:in `call'
web-console (3.7.0) lib/web_console/middleware.rb:135:in `call_app'
web-console (3.7.0) lib/web_console/middleware.rb:30:in `block in call'
web-console (3.7.0) lib/web_console/middleware.rb:20:in `catch'
web-console (3.7.0) lib/web_console/middleware.rb:20:in `call'
actionpack (5.2.1) lib/action_dispatch/middleware/show_exceptions.rb:33:in `call'
railties (5.2.1) lib/rails/rack/logger.rb:38:in `call_app'
railties (5.2.1) lib/rails/rack/logger.rb:26:in `block in call'
activesupport (5.2.1) lib/active_support/tagged_logging.rb:71:in `block in tagged'
activesupport (5.2.1) lib/active_support/tagged_logging.rb:28:in `tagged'
activesupport (5.2.1) lib/active_support/tagged_logging.rb:71:in `tagged'
railties (5.2.1) lib/rails/rack/logger.rb:26:in `call'
sprockets-rails (3.2.1) lib/sprockets/rails/quiet_assets.rb:13:in `call'
actionpack (5.2.1) lib/action_dispatch/middleware/remote_ip.rb:81:in `call'
actionpack (5.2.1) lib/action_dispatch/middleware/request_id.rb:27:in `call'
rack (2.0.5) lib/rack/method_override.rb:22:in `call'
rack (2.0.5) lib/rack/runtime.rb:22:in `call'
activesupport (5.2.1) lib/active_support/cache/strategy/local_cache_middleware.rb:29:in `call'
actionpack (5.2.1) lib/action_dispatch/middleware/executor.rb:14:in `call'
actionpack (5.2.1) lib/action_dispatch/middleware/static.rb:127:in `call'
rack (2.0.5) lib/rack/sendfile.rb:111:in `call'
railties (5.2.1) lib/rails/engine.rb:524:in `call'
puma (3.12.0) lib/puma/configuration.rb:225:in `call'
puma (3.12.0) lib/puma/server.rb:658:in `handle_request'
puma (3.12.0) lib/puma/server.rb:472:in `process_client'
puma (3.12.0) lib/puma/server.rb:332:in `block in run'
puma (3.12.0) lib/puma/thread_pool.rb:133:in `block in spawn_thread'
Started GET "/tasks/1" for 127.0.0.1 at 2018-09-17 16:21:19 -0700
Processing by TasksController#show as HTML
  Parameters: {"id"=>"1"}
  Rendering tasks/show.html.erb within layouts/application
  Rendered tasks/show.html.erb within layouts/application (0.7ms)
Completed 200 OK in 101ms (Views: 96.3ms | ActiveRecord: 0.0ms)


  [1m[35m (151.5ms)[0m  [1m[35mCREATE TABLE "schema_migrations" ("version" character varying NOT NULL PRIMARY KEY)[0m
  ↳ bin/rails:9
  [1m[35m (23.8ms)[0m  [1m[35mCREATE TABLE "ar_internal_metadata" ("key" character varying NOT NULL PRIMARY KEY, "value" character varying, "created_at" timestamp NOT NULL, "updated_at" timestamp NOT NULL)[0m
  ↳ bin/rails:9
  [1m[35m (3.3ms)[0m  [1m[34mSELECT pg_try_advisory_lock(4169262226251541860)[0m
  ↳ bin/rails:9
  [1m[35m (3.2ms)[0m  [1m[34mSELECT "schema_migrations"."version" FROM "schema_migrations" ORDER BY "schema_migrations"."version" ASC[0m
  ↳ bin/rails:9
Migrating to CreateTasks (20180918182021)
  [1m[35m (0.2ms)[0m  [1m[35mBEGIN[0m
  ↳ bin/rails:9
  [1m[35m (41.2ms)[0m  [1m[35mCREATE TABLE "tasks" ("id" bigserial primary key, "action" character varying, "description" character varying, "created_at" timestamp NOT NULL, "updated_at" timestamp NOT NULL)[0m
  ↳ db/migrate/20180918182021_create_tasks.rb:3
  [1m[36mActiveRecord::SchemaMigration Create (6.9ms)[0m  [1m[32mINSERT INTO "schema_migrations" ("version") VALUES ($1) RETURNING "version"[0m  [["version", "20180918182021"]]
  ↳ bin/rails:9
  [1m[35m (0.7ms)[0m  [1m[35mCOMMIT[0m
  ↳ bin/rails:9
  [1m[36mActiveRecord::InternalMetadata Load (0.6ms)[0m  [1m[34mSELECT  "ar_internal_metadata".* FROM "ar_internal_metadata" WHERE "ar_internal_metadata"."key" = $1 LIMIT $2[0m  [["key", "environment"], ["LIMIT", 1]]
  ↳ bin/rails:9
  [1m[35m (0.2ms)[0m  [1m[35mBEGIN[0m
  ↳ bin/rails:9
  [1m[36mActiveRecord::InternalMetadata Create (5.5ms)[0m  [1m[32mINSERT INTO "ar_internal_metadata" ("key", "value", "created_at", "updated_at") VALUES ($1, $2, $3, $4) RETURNING "key"[0m  [["key", "environment"], ["value", "development"], ["created_at", "2018-09-18 18:25:22.787665"], ["updated_at", "2018-09-18 18:25:22.787665"]]
  ↳ bin/rails:9
  [1m[35m (0.6ms)[0m  [1m[35mCOMMIT[0m
  ↳ bin/rails:9
  [1m[35m (0.3ms)[0m  [1m[34mSELECT pg_advisory_unlock(4169262226251541860)[0m
  ↳ bin/rails:9
  [1m[35m (0.7ms)[0m  [1m[34mSELECT "schema_migrations"."version" FROM "schema_migrations" ORDER BY "schema_migrations"."version" ASC[0m
  ↳ bin/rails:9
  [1m[35m (1.3ms)[0m  [1m[34mSELECT "schema_migrations"."version" FROM "schema_migrations" ORDER BY "schema_migrations"."version" ASC[0m
  ↳ bin/rails:9
  [1m[35m (0.2ms)[0m  [1m[34mSELECT pg_try_advisory_lock(4169262226251541860)[0m
  ↳ bin/rails:9
  [1m[35m (1.0ms)[0m  [1m[34mSELECT "schema_migrations"."version" FROM "schema_migrations" ORDER BY "schema_migrations"."version" ASC[0m
  ↳ bin/rails:9
Migrating to AddCompletionDate (20180918182805)
  [1m[35m (0.2ms)[0m  [1m[35mBEGIN[0m
  ↳ bin/rails:9
  [1m[35m (0.2ms)[0m  [1m[31mROLLBACK[0m
  ↳ bin/rails:9
  [1m[35m (0.3ms)[0m  [1m[34mSELECT pg_advisory_unlock(4169262226251541860)[0m
  ↳ bin/rails:9
  [1m[35m (0.2ms)[0m  [1m[34mSELECT pg_try_advisory_lock(4169262226251541860)[0m
  ↳ bin/rails:9
  [1m[35m (1.0ms)[0m  [1m[34mSELECT "schema_migrations"."version" FROM "schema_migrations" ORDER BY "schema_migrations"."version" ASC[0m
  ↳ bin/rails:9
Migrating to AddCompletionDate (20180918182805)
  [1m[35m (0.3ms)[0m  [1m[35mBEGIN[0m
  ↳ bin/rails:9
  [1m[36mActiveRecord::SchemaMigration Create (0.6ms)[0m  [1m[32mINSERT INTO "schema_migrations" ("version") VALUES ($1) RETURNING "version"[0m  [["version", "20180918182805"]]
  ↳ bin/rails:9
  [1m[35m (5.1ms)[0m  [1m[35mCOMMIT[0m
  ↳ bin/rails:9
  [1m[36mActiveRecord::InternalMetadata Load (12.2ms)[0m  [1m[34mSELECT  "ar_internal_metadata".* FROM "ar_internal_metadata" WHERE "ar_internal_metadata"."key" = $1 LIMIT $2[0m  [["key", "environment"], ["LIMIT", 1]]
  ↳ bin/rails:9
  [1m[35m (0.2ms)[0m  [1m[35mBEGIN[0m
  ↳ bin/rails:9
  [1m[35m (1.3ms)[0m  [1m[35mCOMMIT[0m
  ↳ bin/rails:9
  [1m[35m (0.4ms)[0m  [1m[34mSELECT pg_advisory_unlock(4169262226251541860)[0m
  ↳ bin/rails:9
  [1m[35m (0.5ms)[0m  [1m[34mSELECT "schema_migrations"."version" FROM "schema_migrations" ORDER BY "schema_migrations"."version" ASC[0m
  ↳ bin/rails:9
  [1m[35m (0.3ms)[0m  [1m[34mSELECT pg_try_advisory_lock(4169262226251541860)[0m
  ↳ bin/rails:9
  [1m[35m (1.0ms)[0m  [1m[34mSELECT "schema_migrations"."version" FROM "schema_migrations" ORDER BY "schema_migrations"."version" ASC[0m
  ↳ bin/rails:9
  [1m[36mActiveRecord::InternalMetadata Load (0.5ms)[0m  [1m[34mSELECT  "ar_internal_metadata".* FROM "ar_internal_metadata" WHERE "ar_internal_metadata"."key" = $1 LIMIT $2[0m  [["key", "environment"], ["LIMIT", 1]]
  ↳ bin/rails:9
  [1m[35m (0.2ms)[0m  [1m[35mBEGIN[0m
  ↳ bin/rails:9
  [1m[35m (0.2ms)[0m  [1m[35mCOMMIT[0m
  ↳ bin/rails:9
  [1m[35m (0.3ms)[0m  [1m[34mSELECT pg_advisory_unlock(4169262226251541860)[0m
  ↳ bin/rails:9
  [1m[35m (0.3ms)[0m  [1m[34mSELECT "schema_migrations"."version" FROM "schema_migrations" ORDER BY "schema_migrations"."version" ASC[0m
  ↳ bin/rails:9
  [1m[35m (1.0ms)[0m  [1m[34mSELECT "schema_migrations"."version" FROM "schema_migrations" ORDER BY "schema_migrations"."version" ASC[0m
  ↳ bin/rails:9
  [1m[35m (0.3ms)[0m  [1m[34mSELECT pg_try_advisory_lock(4169262226251541860)[0m
  ↳ bin/rails:9
  [1m[35m (1.0ms)[0m  [1m[34mSELECT "schema_migrations"."version" FROM "schema_migrations" ORDER BY "schema_migrations"."version" ASC[0m
  ↳ bin/rails:9
  [1m[36mActiveRecord::InternalMetadata Load (0.5ms)[0m  [1m[34mSELECT  "ar_internal_metadata".* FROM "ar_internal_metadata" WHERE "ar_internal_metadata"."key" = $1 LIMIT $2[0m  [["key", "environment"], ["LIMIT", 1]]
  ↳ bin/rails:9
  [1m[35m (0.2ms)[0m  [1m[35mBEGIN[0m
  ↳ bin/rails:9
  [1m[35m (0.2ms)[0m  [1m[35mCOMMIT[0m
  ↳ bin/rails:9
  [1m[35m (0.3ms)[0m  [1m[34mSELECT pg_advisory_unlock(4169262226251541860)[0m
  ↳ bin/rails:9
  [1m[35m (0.3ms)[0m  [1m[34mSELECT "schema_migrations"."version" FROM "schema_migrations" ORDER BY "schema_migrations"."version" ASC[0m
  ↳ bin/rails:9
  [1m[35m (54.0ms)[0m  [1m[35mCREATE DATABASE "TaskList_development" ENCODING = 'unicode'[0m
  ↳ bin/rails:9
  [1m[35m (3.5ms)[0m  [1m[35mCREATE DATABASE "TaskList_test" ENCODING = 'unicode'[0m
  ↳ bin/rails:9
  [1m[35m (1.4ms)[0m  [1m[34mSELECT "schema_migrations"."version" FROM "schema_migrations" ORDER BY "schema_migrations"."version" ASC[0m
  ↳ bin/rails:9
  [1m[35m (2.9ms)[0m  [1m[34mSELECT "schema_migrations"."version" FROM "schema_migrations" ORDER BY "schema_migrations"."version" ASC[0m
  ↳ bin/rails:9
  [1m[35m (0.2ms)[0m  [1m[34mSELECT pg_try_advisory_lock(4169262226251541860)[0m
  ↳ bin/rails:9
  [1m[35m (1.0ms)[0m  [1m[34mSELECT "schema_migrations"."version" FROM "schema_migrations" ORDER BY "schema_migrations"."version" ASC[0m
  ↳ bin/rails:9
Migrating to CreateTasks (20180918184733)
  [1m[35m (0.3ms)[0m  [1m[35mBEGIN[0m
  ↳ bin/rails:9
  [1m[35m (49.3ms)[0m  [1m[35mCREATE TABLE "tasks" ("id" bigserial primary key, "action" character varying, "description" character varying, "created_at" timestamp NOT NULL, "updated_at" timestamp NOT NULL)[0m
  ↳ db/migrate/20180918184733_create_tasks.rb:3
  [1m[35m (0.3ms)[0m  [1m[31mROLLBACK[0m
  ↳ bin/rails:9
  [1m[35m (0.4ms)[0m  [1m[34mSELECT pg_advisory_unlock(4169262226251541860)[0m
  ↳ bin/rails:9
Started GET "/tasks" for 127.0.0.1 at 2018-09-18 12:00:34 -0700
  [1m[35m (1.3ms)[0m  [1m[34mSELECT "schema_migrations"."version" FROM "schema_migrations" ORDER BY "schema_migrations"."version" ASC[0m
  ↳ /Users/chantelle.belic/.rvm/gems/ruby-2.5.1@TaskListRails/gems/activerecord-5.2.1/lib/active_record/log_subscriber.rb:98

ActiveRecord::PendingMigrationError - Migrations are pending. To resolve this issue, run:

        bin/rails db:migrate RAILS_ENV=development

:

Started POST "/__better_errors/c8ee0a37ea158a31/variables" for 127.0.0.1 at 2018-09-18 12:00:35 -0700
  [1m[35m (1.0ms)[0m  [1m[34mSELECT "schema_migrations"."version" FROM "schema_migrations" ORDER BY "schema_migrations"."version" ASC[0m
  ↳ bin/rails:9
  [1m[35m (1.1ms)[0m  [1m[34mSELECT "schema_migrations"."version" FROM "schema_migrations" ORDER BY "schema_migrations"."version" ASC[0m
  ↳ bin/rails:9
  [1m[35m (1.0ms)[0m  [1m[34mSELECT "schema_migrations"."version" FROM "schema_migrations" ORDER BY "schema_migrations"."version" ASC[0m
  ↳ bin/rails:9
  [1m[35m (0.3ms)[0m  [1m[34mSELECT "schema_migrations"."version" FROM "schema_migrations" ORDER BY "schema_migrations"."version" ASC[0m
  ↳ bin/rails:9
  [1m[35m (0.3ms)[0m  [1m[34mSELECT "schema_migrations"."version" FROM "schema_migrations" ORDER BY "schema_migrations"."version" ASC[0m
  ↳ bin/rails:9
  [1m[35m (1.0ms)[0m  [1m[34mSELECT "schema_migrations"."version" FROM "schema_migrations" ORDER BY "schema_migrations"."version" ASC[0m
  ↳ bin/rails:9
  [1m[35m (0.3ms)[0m  [1m[34mSELECT "schema_migrations"."version" FROM "schema_migrations" ORDER BY "schema_migrations"."version" ASC[0m
  ↳ bin/rails:9
  [1m[35m (0.3ms)[0m  [1m[34mSELECT "schema_migrations"."version" FROM "schema_migrations" ORDER BY "schema_migrations"."version" ASC[0m
  ↳ bin/rails:9
  [1m[35m (2.2ms)[0m  [1m[34mSELECT "schema_migrations"."version" FROM "schema_migrations" ORDER BY "schema_migrations"."version" ASC[0m
  ↳ /Users/chantelle.belic/.rvm/gems/ruby-2.5.1@TaskListRails/bin/rake:23
  [1m[35m (19.3ms)[0m  [1m[34mSELECT "ar_internal_metadata"."value" FROM "ar_internal_metadata" WHERE "ar_internal_metadata"."key" = $1[0m  [["key", "environment"]]
  ↳ /Users/chantelle.belic/.rvm/gems/ruby-2.5.1@TaskListRails/bin/rake:23
  [1m[35m (0.4ms)[0m  [1m[34mSELECT "schema_migrations"."version" FROM "schema_migrations" ORDER BY "schema_migrations"."version" ASC[0m
  ↳ /Users/chantelle.belic/.rvm/gems/ruby-2.5.1@TaskListRails/bin/rake:23
  [1m[35m (0.4ms)[0m  [1m[34mSELECT "ar_internal_metadata"."value" FROM "ar_internal_metadata" WHERE "ar_internal_metadata"."key" = $1[0m  [["key", "environment"]]
  ↳ /Users/chantelle.belic/.rvm/gems/ruby-2.5.1@TaskListRails/bin/rake:23
  [1m[35m (0.4ms)[0m  [1m[34mSELECT "schema_migrations"."version" FROM "schema_migrations" ORDER BY "schema_migrations"."version" ASC[0m
  ↳ /Users/chantelle.belic/.rvm/gems/ruby-2.5.1@TaskListRails/bin/rake:23
  [1m[35m (0.4ms)[0m  [1m[34mSELECT "ar_internal_metadata"."value" FROM "ar_internal_metadata" WHERE "ar_internal_metadata"."key" = $1[0m  [["key", "environment"]]
  ↳ /Users/chantelle.belic/.rvm/gems/ruby-2.5.1@TaskListRails/bin/rake:23
  [1m[35m (5045.3ms)[0m  [1m[35mDROP DATABASE IF EXISTS "TaskList_development"[0m
  ↳ /Users/chantelle.belic/.rvm/gems/ruby-2.5.1@TaskListRails/bin/rake:23
  [1m[35m (1.0ms)[0m  [1m[34mSELECT "schema_migrations"."version" FROM "schema_migrations" ORDER BY "schema_migrations"."version" ASC[0m
  ↳ bin/rails:9
  [1m[35m (1.0ms)[0m  [1m[34mSELECT "schema_migrations"."version" FROM "schema_migrations" ORDER BY "schema_migrations"."version" ASC[0m
  ↳ bin/rails:9
  [1m[35m (0.7ms)[0m  [1m[34mSELECT "ar_internal_metadata"."value" FROM "ar_internal_metadata" WHERE "ar_internal_metadata"."key" = $1[0m  [["key", "environment"]]
  ↳ bin/rails:9
  [1m[35m (0.4ms)[0m  [1m[34mSELECT "schema_migrations"."version" FROM "schema_migrations" ORDER BY "schema_migrations"."version" ASC[0m
  ↳ bin/rails:9
  [1m[35m (0.5ms)[0m  [1m[34mSELECT "ar_internal_metadata"."value" FROM "ar_internal_metadata" WHERE "ar_internal_metadata"."key" = $1[0m  [["key", "environment"]]
  ↳ bin/rails:9
  [1m[35m (0.3ms)[0m  [1m[34mSELECT "schema_migrations"."version" FROM "schema_migrations" ORDER BY "schema_migrations"."version" ASC[0m
  ↳ bin/rails:9
  [1m[35m (0.3ms)[0m  [1m[34mSELECT "ar_internal_metadata"."value" FROM "ar_internal_metadata" WHERE "ar_internal_metadata"."key" = $1[0m  [["key", "environment"]]
  ↳ bin/rails:9
  [1m[35m (5042.6ms)[0m  [1m[35mDROP DATABASE IF EXISTS "TaskList_development"[0m
  ↳ bin/rails:9
  [1m[35m (1.0ms)[0m  [1m[34mSELECT "schema_migrations"."version" FROM "schema_migrations" ORDER BY "schema_migrations"."version" ASC[0m
  ↳ bin/rails:9
  [1m[35m (4.9ms)[0m  [1m[34mSELECT "schema_migrations"."version" FROM "schema_migrations" ORDER BY "schema_migrations"."version" ASC[0m
  ↳ /Users/chantelle.belic/.rvm/gems/ruby-2.5.1@TaskListRails/bin/rake:23
  [1m[35m (0.5ms)[0m  [1m[34mSELECT "ar_internal_metadata"."value" FROM "ar_internal_metadata" WHERE "ar_internal_metadata"."key" = $1[0m  [["key", "environment"]]
  ↳ /Users/chantelle.belic/.rvm/gems/ruby-2.5.1@TaskListRails/bin/rake:23
  [1m[35m (0.4ms)[0m  [1m[34mSELECT "schema_migrations"."version" FROM "schema_migrations" ORDER BY "schema_migrations"."version" ASC[0m
  ↳ /Users/chantelle.belic/.rvm/gems/ruby-2.5.1@TaskListRails/bin/rake:23
  [1m[35m (0.3ms)[0m  [1m[34mSELECT "ar_internal_metadata"."value" FROM "ar_internal_metadata" WHERE "ar_internal_metadata"."key" = $1[0m  [["key", "environment"]]
  ↳ /Users/chantelle.belic/.rvm/gems/ruby-2.5.1@TaskListRails/bin/rake:23
  [1m[35m (0.3ms)[0m  [1m[34mSELECT "schema_migrations"."version" FROM "schema_migrations" ORDER BY "schema_migrations"."version" ASC[0m
  ↳ /Users/chantelle.belic/.rvm/gems/ruby-2.5.1@TaskListRails/bin/rake:23
  [1m[35m (0.4ms)[0m  [1m[34mSELECT "ar_internal_metadata"."value" FROM "ar_internal_metadata" WHERE "ar_internal_metadata"."key" = $1[0m  [["key", "environment"]]
  ↳ /Users/chantelle.belic/.rvm/gems/ruby-2.5.1@TaskListRails/bin/rake:23
  [1m[35m (5053.1ms)[0m  [1m[35mDROP DATABASE IF EXISTS "TaskList_development"[0m
  ↳ /Users/chantelle.belic/.rvm/gems/ruby-2.5.1@TaskListRails/bin/rake:23
  [1m[35m (1.1ms)[0m  [1m[34mSELECT "schema_migrations"."version" FROM "schema_migrations" ORDER BY "schema_migrations"."version" ASC[0m
  ↳ bin/rails:9
  [1m[35m (1.0ms)[0m  [1m[34mSELECT "schema_migrations"."version" FROM "schema_migrations" ORDER BY "schema_migrations"."version" ASC[0m
  ↳ bin/rails:9
  [1m[35m (0.3ms)[0m  [1m[34mSELECT "schema_migrations"."version" FROM "schema_migrations" ORDER BY "schema_migrations"."version" ASC[0m
  ↳ bin/rails:9
  [1m[35m (0.3ms)[0m  [1m[34mSELECT "schema_migrations"."version" FROM "schema_migrations" ORDER BY "schema_migrations"."version" ASC[0m
  ↳ bin/rails:9
  [1m[35m (0.3ms)[0m  [1m[34mSELECT pg_try_advisory_lock(4169262226251541860)[0m
  ↳ bin/rails:9
  [1m[35m (0.3ms)[0m  [1m[34mSELECT "schema_migrations"."version" FROM "schema_migrations" ORDER BY "schema_migrations"."version" ASC[0m
  ↳ bin/rails:9
Migrating to AddCompletionDate (20180918182805)
  [1m[35m (0.2ms)[0m  [1m[35mBEGIN[0m
  ↳ bin/rails:9
  [1m[36mActiveRecord::SchemaMigration Destroy (25.8ms)[0m  [1m[31mDELETE FROM "schema_migrations" WHERE "schema_migrations"."version" = $1[0m  [["version", "20180918182805"]]
  ↳ bin/rails:9
  [1m[35m (1.6ms)[0m  [1m[35mCOMMIT[0m
  ↳ bin/rails:9
  [1m[35m (0.3ms)[0m  [1m[34mSELECT pg_advisory_unlock(4169262226251541860)[0m
  ↳ bin/rails:9
  [1m[35m (0.4ms)[0m  [1m[34mSELECT "schema_migrations"."version" FROM "schema_migrations" ORDER BY "schema_migrations"."version" ASC[0m
  ↳ bin/rails:9
  [1m[35m (0.2ms)[0m  [1m[34mSELECT pg_try_advisory_lock(4169262226251541860)[0m
  ↳ bin/rails:9
  [1m[35m (1.0ms)[0m  [1m[34mSELECT "schema_migrations"."version" FROM "schema_migrations" ORDER BY "schema_migrations"."version" ASC[0m
  ↳ bin/rails:9
Migrating to AddCompletionDate (20180918182805)
  [1m[35m (0.2ms)[0m  [1m[35mBEGIN[0m
  ↳ bin/rails:9
  [1m[35m (34.4ms)[0m  [1m[35mALTER TABLE "books" ADD "completion_date" character varying[0m
  ↳ db/migrate/20180918182805_add_completion_date.rb:3
  [1m[35m (0.3ms)[0m  [1m[31mROLLBACK[0m
  ↳ bin/rails:9
  [1m[35m (0.4ms)[0m  [1m[34mSELECT pg_advisory_unlock(4169262226251541860)[0m
  ↳ bin/rails:9
  [1m[35m (0.2ms)[0m  [1m[34mSELECT pg_try_advisory_lock(4169262226251541860)[0m
  ↳ bin/rails:9
  [1m[35m (1.0ms)[0m  [1m[34mSELECT "schema_migrations"."version" FROM "schema_migrations" ORDER BY "schema_migrations"."version" ASC[0m
  ↳ bin/rails:9
Migrating to AddCompletionDate (20180918182805)
  [1m[35m (0.5ms)[0m  [1m[35mBEGIN[0m
  ↳ bin/rails:9
  [1m[35m (25.6ms)[0m  [1m[35mALTER TABLE "tasks" ADD "completion_date" character varying[0m
  ↳ db/migrate/20180918182805_add_completion_date.rb:3
  [1m[36mActiveRecord::SchemaMigration Create (11.2ms)[0m  [1m[32mINSERT INTO "schema_migrations" ("version") VALUES ($1) RETURNING "version"[0m  [["version", "20180918182805"]]
  ↳ bin/rails:9
  [1m[35m (0.6ms)[0m  [1m[35mCOMMIT[0m
  ↳ bin/rails:9
  [1m[36mActiveRecord::InternalMetadata Load (6.7ms)[0m  [1m[34mSELECT  "ar_internal_metadata".* FROM "ar_internal_metadata" WHERE "ar_internal_metadata"."key" = $1 LIMIT $2[0m  [["key", "environment"], ["LIMIT", 1]]
  ↳ bin/rails:9
  [1m[35m (0.3ms)[0m  [1m[35mBEGIN[0m
  ↳ bin/rails:9
  [1m[35m (0.3ms)[0m  [1m[35mCOMMIT[0m
  ↳ bin/rails:9
  [1m[35m (0.5ms)[0m  [1m[34mSELECT pg_advisory_unlock(4169262226251541860)[0m
  ↳ bin/rails:9
  [1m[35m (0.4ms)[0m  [1m[34mSELECT "schema_migrations"."version" FROM "schema_migrations" ORDER BY "schema_migrations"."version" ASC[0m
  ↳ bin/rails:9
  [1m[35m (1.2ms)[0m  [1m[34mSELECT "schema_migrations"."version" FROM "schema_migrations" ORDER BY "schema_migrations"."version" ASC[0m
  ↳ bin/rails:9
  [1m[35m (7.7ms)[0m  [1m[34mSELECT "schema_migrations"."version" FROM "schema_migrations" ORDER BY "schema_migrations"."version" ASC[0m
  ↳ bin/rails:9
  [1m[35m (1.0ms)[0m  [1m[34mSELECT "schema_migrations"."version" FROM "schema_migrations" ORDER BY "schema_migrations"."version" ASC[0m
  ↳ bin/rails:9
Started GET "/tasks" for 127.0.0.1 at 2018-09-18 13:41:28 -0700
  [1m[35m (0.7ms)[0m  [1m[34mSELECT "schema_migrations"."version" FROM "schema_migrations" ORDER BY "schema_migrations"."version" ASC[0m
  ↳ /Users/chantelle.belic/.rvm/gems/ruby-2.5.1@TaskListRails/gems/activerecord-5.2.1/lib/active_record/log_subscriber.rb:98
Processing by TasksController#index as HTML
  Rendering tasks/index.html.erb within layouts/application
  Rendered tasks/index.html.erb within layouts/application (24.9ms)
Completed 500 Internal Server Error in 234ms (ActiveRecord: 0.0ms)



NoMethodError - undefined method `each' for nil:NilClass:
  app/views/tasks/index.html.erb:2:in `_app_views_tasks_index_html_erb__3789534037397750018_70241614625060'

Started POST "/__better_errors/d33fb2abf5188d6e/variables" for 127.0.0.1 at 2018-09-18 13:41:30 -0700
Started GET "/tasks" for 127.0.0.1 at 2018-09-18 13:45:10 -0700

NameError - undefined local variable or method `tasks_controller' for TasksController:Class:
  app/controllers/tasks_controller.rb:6:in `<class:TasksController>'
  app/controllers/tasks_controller.rb:1:in `<main>'

Started POST "/__better_errors/611a006a99c18fe9/variables" for 127.0.0.1 at 2018-09-18 13:45:13 -0700
Started GET "/tasks" for 127.0.0.1 at 2018-09-18 13:45:24 -0700
Processing by TasksController#index as HTML
  Rendering tasks/index.html.erb within layouts/application
  Rendered tasks/index.html.erb within layouts/application (1.1ms)
Completed 200 OK in 1225ms (Views: 1217.8ms | ActiveRecord: 0.0ms)


Started GET "/tasks/1" for 127.0.0.1 at 2018-09-18 13:45:30 -0700
Processing by TasksController#show as HTML
  Parameters: {"id"=>"1"}
  Rendering tasks/show.html.erb within layouts/application
  Rendered tasks/show.html.erb within layouts/application (0.6ms)
Completed 200 OK in 158ms (Views: 152.9ms | ActiveRecord: 0.0ms)


Started GET "/tasks/2" for 127.0.0.1 at 2018-09-18 13:45:34 -0700
Processing by TasksController#show as HTML
  Parameters: {"id"=>"2"}
  Rendering tasks/show.html.erb within layouts/application
  Rendered tasks/show.html.erb within layouts/application (5.0ms)
Completed 200 OK in 81ms (Views: 77.1ms | ActiveRecord: 0.0ms)


Started GET "/tasks/3" for 127.0.0.1 at 2018-09-18 13:45:37 -0700
Processing by TasksController#show as HTML
  Parameters: {"id"=>"3"}
  Rendering tasks/show.html.erb within layouts/application
  Rendered tasks/show.html.erb within layouts/application (0.9ms)
Completed 200 OK in 133ms (Views: 124.8ms | ActiveRecord: 0.0ms)


Started GET "/tasks/4" for 127.0.0.1 at 2018-09-18 13:45:39 -0700
Processing by TasksController#show as HTML
  Parameters: {"id"=>"4"}
Completed 404 Not Found in 1ms (ActiveRecord: 0.0ms)


Started GET "/tasks" for 127.0.0.1 at 2018-09-18 13:45:56 -0700
Processing by TasksController#index as HTML
  Rendering tasks/index.html.erb within layouts/application
  Rendered tasks/index.html.erb within layouts/application (0.6ms)
Completed 200 OK in 92ms (Views: 88.1ms | ActiveRecord: 0.0ms)


  [1m[35m (1.0ms)[0m  [1m[34mSELECT "schema_migrations"."version" FROM "schema_migrations" ORDER BY "schema_migrations"."version" ASC[0m
  ↳ bin/rails:9
  [1m[36mTask Load (13.2ms)[0m  [1m[34mSELECT "tasks".* FROM "tasks"[0m
  [1m[35m (1.9ms)[0m  [1m[35mBEGIN[0m
  [1m[36mTask Create (38.0ms)[0m  [1m[32mINSERT INTO "tasks" ("action", "created_at", "updated_at") VALUES ($1, $2, $3) RETURNING "id"[0m  [["action", "drink"], ["created_at", "2018-09-18 21:59:23.617500"], ["updated_at", "2018-09-18 21:59:23.617500"]]
  [1m[35m (2.3ms)[0m  [1m[35mCOMMIT[0m
  [1m[35m (0.3ms)[0m  [1m[35mBEGIN[0m
  [1m[36mTask Create (0.7ms)[0m  [1m[32mINSERT INTO "tasks" ("action", "created_at", "updated_at") VALUES ($1, $2, $3) RETURNING "id"[0m  [["action", "eat"], ["created_at", "2018-09-18 21:59:28.847075"], ["updated_at", "2018-09-18 21:59:28.847075"]]
  [1m[35m (2.4ms)[0m  [1m[35mCOMMIT[0m
  [1m[36mTask Load (0.7ms)[0m  [1m[34mSELECT "tasks".* FROM "tasks"[0m
  [1m[36mTask Load (0.9ms)[0m  [1m[34mSELECT "tasks".* FROM "tasks"[0m
Started GET "/tasks" for 127.0.0.1 at 2018-09-18 15:00:12 -0700
  [1m[35m (8.7ms)[0m  [1m[34mSELECT "schema_migrations"."version" FROM "schema_migrations" ORDER BY "schema_migrations"."version" ASC[0m
  ↳ /Users/chantelle.belic/.rvm/gems/ruby-2.5.1@TaskListRails/gems/activerecord-5.2.1/lib/active_record/log_subscriber.rb:98
Processing by TasksController#index as HTML
  Rendering tasks/index.html.erb within layouts/application
  Rendered tasks/index.html.erb within layouts/application (1.9ms)
Completed 200 OK in 596ms (Views: 581.9ms | ActiveRecord: 0.0ms)


Started GET "/tasks" for 127.0.0.1 at 2018-09-18 15:00:17 -0700
Processing by TasksController#index as HTML
  Rendering tasks/index.html.erb within layouts/application
  Rendered tasks/index.html.erb within layouts/application (0.6ms)
Completed 200 OK in 57ms (Views: 53.6ms | ActiveRecord: 0.0ms)


Started GET "/tasks" for 127.0.0.1 at 2018-09-18 15:00:37 -0700
Started GET "/tasks" for 127.0.0.1 at 2018-09-18 15:00:47 -0700
Processing by TasksController#index as HTML
Completed 500 Internal Server Error in 10ms (ActiveRecord: 0.0ms)



LoadError - Unable to autoload constant TASK, expected /Users/chantelle.belic/Documents/ada/unit-2/TaskList/app/models/task.rb to define it:
  app/controllers/tasks_controller.rb:8:in `index'

Processing by TasksController#index as HTML
Completed 500 Internal Server Error in 3ms (ActiveRecord: 0.0ms)



LoadError - Unable to autoload constant TASK, expected /Users/chantelle.belic/Documents/ada/unit-2/TaskList/app/models/task.rb to define it:
  app/controllers/tasks_controller.rb:8:in `index'

Started POST "/__better_errors/d1b7a570d73ba229/variables" for 127.0.0.1 at 2018-09-18 15:00:48 -0700
Started GET "/tasks" for 127.0.0.1 at 2018-09-18 15:00:59 -0700
Processing by TasksController#index as HTML
  Rendering tasks/index.html.erb within layouts/application
  Rendered tasks/index.html.erb within layouts/application (12.3ms)
Completed 500 Internal Server Error in 35ms (ActiveRecord: 0.0ms)



NoMethodError - undefined method `each' for nil:NilClass:
  app/views/tasks/index.html.erb:2:in `_app_views_tasks_index_html_erb___2946775247856718033_70280350162360'

Started POST "/__better_errors/d1467778f2085ef9/variables" for 127.0.0.1 at 2018-09-18 15:01:00 -0700
Started GET "/tasks" for 127.0.0.1 at 2018-09-18 15:01:20 -0700
Processing by TasksController#index as HTML
  Rendering tasks/index.html.erb within layouts/application
  [1m[36mTask Load (2.0ms)[0m  [1m[34mSELECT "tasks".* FROM "tasks"[0m
  ↳ app/views/tasks/index.html.erb:2
  Rendered tasks/index.html.erb within layouts/application (31.0ms)
Completed 200 OK in 112ms (Views: 86.9ms | ActiveRecord: 17.4ms)


Started GET "/tasks" for 127.0.0.1 at 2018-09-18 15:01:55 -0700
Processing by TasksController#index as HTML
  Rendering tasks/index.html.erb within layouts/application
  [1m[36mTask Load (0.4ms)[0m  [1m[34mSELECT "tasks".* FROM "tasks"[0m
  ↳ app/views/tasks/index.html.erb:2
  Rendered tasks/index.html.erb within layouts/application (2.0ms)
Completed 200 OK in 51ms (Views: 46.6ms | ActiveRecord: 0.4ms)


